<?xml version="1.0" encoding="UTF-8"?>
<!-- Generated by org.testng.reporters.JUnitXMLReporter -->
<testsuite ignored="2" hostname="LAPTOP-DB80268K" failures="0" tests="1" name="Default test" time="48.014" errors="0" timestamp="18 Sep 2024 16:07:00 GMT">
  <testcase classname="entrara.RunTest" name="WatchDemo" time="31.453"/>
  <testcase classname="entrara.RunTest" name="solutions" time="0.0">
    <ignored/>
  </testcase> <!-- solutions -->
  <testcase classname="entrara.RunTest" name="products" time="0.0">
    <ignored/>
  </testcase> <!-- products -->
</testsuite> <!-- Default test -->
