<?xml version="1.0" encoding="UTF-8"?>
<!-- Generated by org.testng.reporters.JUnitXMLReporter -->
<testsuite ignored="2" hostname="LAPTOP-DB80268K" failures="0" tests="1" name="Test" time="27.396" errors="0" timestamp="19 Sep 2024 02:45:20 GMT">
  <testcase classname="entrara.RunTest" name="WatchDemo" time="19.893"/>
  <testcase classname="entrara.RunTest" name="solutions" time="0.0">
    <ignored/>
  </testcase> <!-- solutions -->
  <testcase classname="entrara.RunTest" name="products" time="0.0">
    <ignored/>
  </testcase> <!-- products -->
</testsuite> <!-- Test -->
