<?xml version="1.0" encoding="UTF-8"?>
<testng-results ignored="0" total="3" passed="3" failed="0" skipped="0">
  <reporter-output>
  </reporter-output>
  <suite started-at="2024-09-19T06:22:45Z" name="Default suite" finished-at="2024-09-19T06:23:18Z" duration-ms="33317">
    <groups>
    </groups>
    <test started-at="2024-09-19T06:22:45Z" name="Default test" finished-at="2024-09-19T06:23:18Z" duration-ms="33317">
      <class name="entrara.RunTest">
        <test-method is-config="true" signature="setUp()[pri:0, instance:entrara.RunTest@5b38c1ec]" started-at="2024-09-19T06:22:45Z" name="setUp" finished-at="2024-09-19T06:22:58Z" duration-ms="13504" status="PASS">
          <reporter-output>
          </reporter-output>
        </test-method> <!-- setUp -->
        <test-method signature="products()[pri:0, instance:entrara.RunTest@5b38c1ec]" started-at="2024-09-19T06:22:58Z" name="products" finished-at="2024-09-19T06:23:01Z" duration-ms="2589" status="PASS">
          <reporter-output>
          </reporter-output>
        </test-method> <!-- products -->
        <test-method signature="summit()[pri:1, instance:entrara.RunTest@5b38c1ec]" started-at="2024-09-19T06:23:01Z" name="summit" finished-at="2024-09-19T06:23:11Z" duration-ms="10355" status="PASS">
          <reporter-output>
          </reporter-output>
        </test-method> <!-- summit -->
        <test-method signature="WatchDemo()[pri:2, instance:entrara.RunTest@5b38c1ec]" started-at="2024-09-19T06:23:11Z" name="WatchDemo" finished-at="2024-09-19T06:23:17Z" duration-ms="5649" status="PASS">
          <reporter-output>
          </reporter-output>
        </test-method> <!-- WatchDemo -->
        <test-method is-config="true" signature="tearDown()[pri:0, instance:entrara.RunTest@5b38c1ec]" started-at="2024-09-19T06:23:17Z" name="tearDown" finished-at="2024-09-19T06:23:18Z" duration-ms="1161" status="PASS">
          <reporter-output>
          </reporter-output>
        </test-method> <!-- tearDown -->
      </class> <!-- entrara.RunTest -->
    </test> <!-- Default test -->
  </suite> <!-- Default suite -->
</testng-results>
