<?xml version="1.0" encoding="UTF-8"?>
<testng-results ignored="2" total="3" passed="1" failed="0" skipped="0">
  <reporter-output>
  </reporter-output>
  <suite started-at="2024-09-18T16:06:12Z" name="Default suite" finished-at="2024-09-18T16:07:00Z" duration-ms="48014">
    <groups>
    </groups>
    <test started-at="2024-09-18T16:06:12Z" name="Default test" finished-at="2024-09-18T16:07:00Z" duration-ms="48014">
      <class name="entrara.RunTest">
        <test-method is-config="true" signature="setUp()[pri:0, instance:entrara.RunTest@359df09a]" started-at="2024-09-18T16:06:12Z" name="setUp" finished-at="2024-09-18T16:06:28Z" duration-ms="16505" status="PASS">
          <reporter-output>
          </reporter-output>
        </test-method> <!-- setUp -->
        <test-method signature="WatchDemo()[pri:0, instance:entrara.RunTest@359df09a]" started-at="2024-09-18T16:06:28Z" name="WatchDemo" finished-at="2024-09-18T16:07:00Z" duration-ms="31453" status="PASS">
          <reporter-output>
          </reporter-output>
        </test-method> <!-- WatchDemo -->
        <test-method is-config="true" signature="tearDown()[pri:0, instance:entrara.RunTest@359df09a]" started-at="2024-09-18T16:07:00Z" name="tearDown" finished-at="2024-09-18T16:07:00Z" duration-ms="5" status="PASS">
          <reporter-output>
          </reporter-output>
        </test-method> <!-- tearDown -->
      </class> <!-- entrara.RunTest -->
    </test> <!-- Default test -->
  </suite> <!-- Default suite -->
</testng-results>
